<?xml version="1.0" encoding="UTF-8"?>
<testsuite name="jpabook.jpashop.service.OrderServiceTest" tests="1" skipped="0" failures="0" errors="0" timestamp="2021-09-26T11:34:23" hostname="gim-yulhuiui-MacBook-Pro.local" time="0.268">
  <properties/>
  <testcase name="주문취소" classname="jpabook.jpashop.service.OrderServiceTest" time="0.268"/>
  <system-out><![CDATA[20:34:18.270 [Test worker] DEBUG org.springframework.test.annotation.ProfileValueUtils - Retrieved @ProfileValueSourceConfiguration [null] for test class [jpabook.jpashop.service.OrderServiceTest]
20:34:18.270 [Test worker] DEBUG org.springframework.test.annotation.ProfileValueUtils - Retrieved ProfileValueSource type [class org.springframework.test.annotation.SystemProfileValueSource] for class [jpabook.jpashop.service.OrderServiceTest]
20:34:18.271 [Test worker] DEBUG org.springframework.test.annotation.ProfileValueUtils - Retrieved @ProfileValueSourceConfiguration [null] for test class [jpabook.jpashop.service.OrderServiceTest]
20:34:18.271 [Test worker] DEBUG org.springframework.test.annotation.ProfileValueUtils - Retrieved ProfileValueSource type [class org.springframework.test.annotation.SystemProfileValueSource] for class [jpabook.jpashop.service.OrderServiceTest]
20:34:18.279 [Test worker] DEBUG org.springframework.test.context.support.AbstractDirtiesContextTestExecutionListener - Before test class: context [DefaultTestContext@157e922b testClass = OrderServiceTest, testInstance = [null], testMethod = [null], testException = [null], mergedContextConfiguration = [WebMergedContextConfiguration@4e52abd4 testClass = OrderServiceTest, locations = '{}', classes = '{class jpabook.jpashop.JpashopApplication}', contextInitializerClasses = '[]', activeProfiles = '{}', propertySourceLocations = '{}', propertySourceProperties = '{org.springframework.boot.test.context.SpringBootTestContextBootstrapper=true}', contextCustomizers = set[org.springframework.boot.test.autoconfigure.actuate.metrics.MetricsExportContextCustomizerFactory$DisableMetricExportContextCustomizer@3ed14a33, org.springframework.boot.test.autoconfigure.properties.PropertyMappingContextCustomizer@0, org.springframework.boot.test.autoconfigure.web.servlet.WebDriverContextCustomizerFactory$Customizer@5b677700, org.springframework.boot.test.context.filter.ExcludeFilterContextCustomizer@3960bf09, org.springframework.boot.test.json.DuplicateJsonObjectContextCustomizerFactory$DuplicateJsonObjectContextCustomizer@16b70673, org.springframework.boot.test.mock.mockito.MockitoContextCustomizer@0, org.springframework.boot.test.web.client.TestRestTemplateContextCustomizer@37297c06, org.springframework.boot.test.context.SpringBootTestArgs@1, org.springframework.boot.test.context.SpringBootTestWebEnvironment@6ba8ebc7], resourceBasePath = 'src/main/webapp', contextLoader = 'org.springframework.boot.test.context.SpringBootContextLoader', parent = [null]], attributes = map['org.springframework.test.context.web.ServletTestExecutionListener.activateListener' -> true]], class annotated with @DirtiesContext [false] with mode [null].
20:34:18.281 [Test worker] DEBUG org.springframework.test.annotation.ProfileValueUtils - Retrieved @ProfileValueSourceConfiguration [null] for test class [jpabook.jpashop.service.OrderServiceTest]
20:34:18.282 [Test worker] DEBUG org.springframework.test.annotation.ProfileValueUtils - Retrieved ProfileValueSource type [class org.springframework.test.annotation.SystemProfileValueSource] for class [jpabook.jpashop.service.OrderServiceTest]
20:34:18.317 [Test worker] DEBUG org.springframework.test.context.support.TestPropertySourceUtils - Adding inlined properties to environment: {spring.jmx.enabled=false, org.springframework.boot.test.context.SpringBootTestContextBootstrapper=true}

  .   ____          _            __ _ _
 /\\ / ___'_ __ _ _(_)_ __  __ _ \ \ \ \
( ( )\___ | '_ | '_| | '_ \/ _` | \ \ \ \
 \\/  ___)| |_)| | | | | || (_| |  ) ) ) )
  '  |____| .__|_| |_|_| |_\__, | / / / /
 =========|_|==============|___/=/_/_/_/
 :: Spring Boot ::                (v2.5.4)

2021-09-26 20:34:18.779  INFO 7849 --- [    Test worker] j.jpashop.service.OrderServiceTest       : Starting OrderServiceTest using Java 11.0.11 on gim-yulhuiui-MacBook-Pro.local with PID 7849 (started by kim-yulhee in /Users/kim-yulhee/Spring-Study/jpashop)
2021-09-26 20:34:18.785  INFO 7849 --- [    Test worker] j.jpashop.service.OrderServiceTest       : No active profile set, falling back to default profiles: default
2021-09-26 20:34:19.647  INFO 7849 --- [    Test worker] .s.d.r.c.RepositoryConfigurationDelegate : Bootstrapping Spring Data JPA repositories in DEFAULT mode.
2021-09-26 20:34:19.684  INFO 7849 --- [    Test worker] .s.d.r.c.RepositoryConfigurationDelegate : Finished Spring Data repository scanning in 14 ms. Found 0 JPA repository interfaces.
2021-09-26 20:34:20.496  INFO 7849 --- [    Test worker] com.zaxxer.hikari.HikariDataSource       : HikariPool-1 - Starting...
2021-09-26 20:34:20.714  INFO 7849 --- [    Test worker] com.zaxxer.hikari.HikariDataSource       : HikariPool-1 - Start completed.
2021-09-26 20:34:20.847  INFO 7849 --- [    Test worker] o.hibernate.jpa.internal.util.LogHelper  : HHH000204: Processing PersistenceUnitInfo [name: default]
2021-09-26 20:34:20.920  INFO 7849 --- [    Test worker] org.hibernate.Version                    : HHH000412: Hibernate ORM core version 5.4.32.Final
2021-09-26 20:34:21.166  INFO 7849 --- [    Test worker] o.hibernate.annotations.common.Version   : HCANN000001: Hibernate Commons Annotations {5.1.2.Final}
2021-09-26 20:34:21.200 DEBUG 7849 --- [    Test worker] org.hibernate.type.BasicTypeRegistry     : Adding type registration boolean -> org.hibernate.type.BooleanType@6321adc0
2021-09-26 20:34:21.200 DEBUG 7849 --- [    Test worker] org.hibernate.type.BasicTypeRegistry     : Adding type registration boolean -> org.hibernate.type.BooleanType@6321adc0
2021-09-26 20:34:21.201 DEBUG 7849 --- [    Test worker] org.hibernate.type.BasicTypeRegistry     : Adding type registration java.lang.Boolean -> org.hibernate.type.BooleanType@6321adc0
2021-09-26 20:34:21.202 DEBUG 7849 --- [    Test worker] org.hibernate.type.BasicTypeRegistry     : Adding type registration numeric_boolean -> org.hibernate.type.NumericBooleanType@240247a0
2021-09-26 20:34:21.202 DEBUG 7849 --- [    Test worker] org.hibernate.type.BasicTypeRegistry     : Adding type registration true_false -> org.hibernate.type.TrueFalseType@3b01f1ba
2021-09-26 20:34:21.203 DEBUG 7849 --- [    Test worker] org.hibernate.type.BasicTypeRegistry     : Adding type registration yes_no -> org.hibernate.type.YesNoType@61ba1a0e
2021-09-26 20:34:21.204 DEBUG 7849 --- [    Test worker] org.hibernate.type.BasicTypeRegistry     : Adding type registration byte -> org.hibernate.type.ByteType@7d4608ea
2021-09-26 20:34:21.204 DEBUG 7849 --- [    Test worker] org.hibernate.type.BasicTypeRegistry     : Adding type registration byte -> org.hibernate.type.ByteType@7d4608ea
2021-09-26 20:34:21.204 DEBUG 7849 --- [    Test worker] org.hibernate.type.BasicTypeRegistry     : Adding type registration java.lang.Byte -> org.hibernate.type.ByteType@7d4608ea
2021-09-26 20:34:21.206 DEBUG 7849 --- [    Test worker] org.hibernate.type.BasicTypeRegistry     : Adding type registration character -> org.hibernate.type.CharacterType@369c7b02
2021-09-26 20:34:21.207 DEBUG 7849 --- [    Test worker] org.hibernate.type.BasicTypeRegistry     : Adding type registration char -> org.hibernate.type.CharacterType@369c7b02
2021-09-26 20:34:21.207 DEBUG 7849 --- [    Test worker] org.hibernate.type.BasicTypeRegistry     : Adding type registration java.lang.Character -> org.hibernate.type.CharacterType@369c7b02
2021-09-26 20:34:21.209 DEBUG 7849 --- [    Test worker] org.hibernate.type.BasicTypeRegistry     : Adding type registration short -> org.hibernate.type.ShortType@1f27c138
2021-09-26 20:34:21.210 DEBUG 7849 --- [    Test worker] org.hibernate.type.BasicTypeRegistry     : Adding type registration short -> org.hibernate.type.ShortType@1f27c138
2021-09-26 20:34:21.210 DEBUG 7849 --- [    Test worker] org.hibernate.type.BasicTypeRegistry     : Adding type registration java.lang.Short -> org.hibernate.type.ShortType@1f27c138
2021-09-26 20:34:21.211 DEBUG 7849 --- [    Test worker] org.hibernate.type.BasicTypeRegistry     : Adding type registration integer -> org.hibernate.type.IntegerType@7cfae25e
2021-09-26 20:34:21.211 DEBUG 7849 --- [    Test worker] org.hibernate.type.BasicTypeRegistry     : Adding type registration int -> org.hibernate.type.IntegerType@7cfae25e
2021-09-26 20:34:21.212 DEBUG 7849 --- [    Test worker] org.hibernate.type.BasicTypeRegistry     : Adding type registration java.lang.Integer -> org.hibernate.type.IntegerType@7cfae25e
2021-09-26 20:34:21.213 DEBUG 7849 --- [    Test worker] org.hibernate.type.BasicTypeRegistry     : Adding type registration long -> org.hibernate.type.LongType@5dab83e
2021-09-26 20:34:21.213 DEBUG 7849 --- [    Test worker] org.hibernate.type.BasicTypeRegistry     : Adding type registration long -> org.hibernate.type.LongType@5dab83e
2021-09-26 20:34:21.214 DEBUG 7849 --- [    Test worker] org.hibernate.type.BasicTypeRegistry     : Adding type registration java.lang.Long -> org.hibernate.type.LongType@5dab83e
2021-09-26 20:34:21.215 DEBUG 7849 --- [    Test worker] org.hibernate.type.BasicTypeRegistry     : Adding type registration float -> org.hibernate.type.FloatType@3837f3a5
2021-09-26 20:34:21.215 DEBUG 7849 --- [    Test worker] org.hibernate.type.BasicTypeRegistry     : Adding type registration float -> org.hibernate.type.FloatType@3837f3a5
2021-09-26 20:34:21.215 DEBUG 7849 --- [    Test worker] org.hibernate.type.BasicTypeRegistry     : Adding type registration java.lang.Float -> org.hibernate.type.FloatType@3837f3a5
2021-09-26 20:34:21.217 DEBUG 7849 --- [    Test worker] org.hibernate.type.BasicTypeRegistry     : Adding type registration double -> org.hibernate.type.DoubleType@32f9fc17
2021-09-26 20:34:21.217 DEBUG 7849 --- [    Test worker] org.hibernate.type.BasicTypeRegistry     : Adding type registration double -> org.hibernate.type.DoubleType@32f9fc17
2021-09-26 20:34:21.217 DEBUG 7849 --- [    Test worker] org.hibernate.type.BasicTypeRegistry     : Adding type registration java.lang.Double -> org.hibernate.type.DoubleType@32f9fc17
2021-09-26 20:34:21.219 DEBUG 7849 --- [    Test worker] org.hibernate.type.BasicTypeRegistry     : Adding type registration big_decimal -> org.hibernate.type.BigDecimalType@5388b44c
2021-09-26 20:34:21.219 DEBUG 7849 --- [    Test worker] org.hibernate.type.BasicTypeRegistry     : Adding type registration java.math.BigDecimal -> org.hibernate.type.BigDecimalType@5388b44c
2021-09-26 20:34:21.222 DEBUG 7849 --- [    Test worker] org.hibernate.type.BasicTypeRegistry     : Adding type registration big_integer -> org.hibernate.type.BigIntegerType@133eb8df
2021-09-26 20:34:21.222 DEBUG 7849 --- [    Test worker] org.hibernate.type.BasicTypeRegistry     : Adding type registration java.math.BigInteger -> org.hibernate.type.BigIntegerType@133eb8df
2021-09-26 20:34:21.223 DEBUG 7849 --- [    Test worker] org.hibernate.type.BasicTypeRegistry     : Adding type registration string -> org.hibernate.type.StringType@18b038e3
2021-09-26 20:34:21.224 DEBUG 7849 --- [    Test worker] org.hibernate.type.BasicTypeRegistry     : Adding type registration java.lang.String -> org.hibernate.type.StringType@18b038e3
2021-09-26 20:34:21.224 DEBUG 7849 --- [    Test worker] org.hibernate.type.BasicTypeRegistry     : Adding type registration nstring -> org.hibernate.type.StringNVarcharType@5a6887ba
2021-09-26 20:34:21.225 DEBUG 7849 --- [    Test worker] org.hibernate.type.BasicTypeRegistry     : Adding type registration ncharacter -> org.hibernate.type.CharacterNCharType@78f2f1f4
2021-09-26 20:34:21.226 DEBUG 7849 --- [    Test worker] org.hibernate.type.BasicTypeRegistry     : Adding type registration url -> org.hibernate.type.UrlType@4af0c7b7
2021-09-26 20:34:21.227 DEBUG 7849 --- [    Test worker] org.hibernate.type.BasicTypeRegistry     : Adding type registration java.net.URL -> org.hibernate.type.UrlType@4af0c7b7
2021-09-26 20:34:21.228 DEBUG 7849 --- [    Test worker] org.hibernate.type.BasicTypeRegistry     : Adding type registration Duration -> org.hibernate.type.DurationType@77695d6d
2021-09-26 20:34:21.229 DEBUG 7849 --- [    Test worker] org.hibernate.type.BasicTypeRegistry     : Adding type registration java.time.Duration -> org.hibernate.type.DurationType@77695d6d
2021-09-26 20:34:21.230 DEBUG 7849 --- [    Test worker] org.hibernate.type.BasicTypeRegistry     : Adding type registration Instant -> org.hibernate.type.InstantType@6f7af73e
2021-09-26 20:34:21.230 DEBUG 7849 --- [    Test worker] org.hibernate.type.BasicTypeRegistry     : Adding type registration java.time.Instant -> org.hibernate.type.InstantType@6f7af73e
2021-09-26 20:34:21.232 DEBUG 7849 --- [    Test worker] org.hibernate.type.BasicTypeRegistry     : Adding type registration LocalDateTime -> org.hibernate.type.LocalDateTimeType@5b30e14a
2021-09-26 20:34:21.232 DEBUG 7849 --- [    Test worker] org.hibernate.type.BasicTypeRegistry     : Adding type registration java.time.LocalDateTime -> org.hibernate.type.LocalDateTimeType@5b30e14a
2021-09-26 20:34:21.234 DEBUG 7849 --- [    Test worker] org.hibernate.type.BasicTypeRegistry     : Adding type registration LocalDate -> org.hibernate.type.LocalDateType@67729a67
2021-09-26 20:34:21.234 DEBUG 7849 --- [    Test worker] org.hibernate.type.BasicTypeRegistry     : Adding type registration java.time.LocalDate -> org.hibernate.type.LocalDateType@67729a67
2021-09-26 20:34:21.235 DEBUG 7849 --- [    Test worker] org.hibernate.type.BasicTypeRegistry     : Adding type registration LocalTime -> org.hibernate.type.LocalTimeType@36992ad2
2021-09-26 20:34:21.236 DEBUG 7849 --- [    Test worker] org.hibernate.type.BasicTypeRegistry     : Adding type registration java.time.LocalTime -> org.hibernate.type.LocalTimeType@36992ad2
2021-09-26 20:34:21.237 DEBUG 7849 --- [    Test worker] org.hibernate.type.BasicTypeRegistry     : Adding type registration OffsetDateTime -> org.hibernate.type.OffsetDateTimeType@6f53e552
2021-09-26 20:34:21.238 DEBUG 7849 --- [    Test worker] org.hibernate.type.BasicTypeRegistry     : Adding type registration java.time.OffsetDateTime -> org.hibernate.type.OffsetDateTimeType@6f53e552
2021-09-26 20:34:21.241 DEBUG 7849 --- [    Test worker] org.hibernate.type.BasicTypeRegistry     : Adding type registration OffsetTime -> org.hibernate.type.OffsetTimeType@3156a4a4
2021-09-26 20:34:21.241 DEBUG 7849 --- [    Test worker] org.hibernate.type.BasicTypeRegistry     : Adding type registration java.time.OffsetTime -> org.hibernate.type.OffsetTimeType@3156a4a4
2021-09-26 20:34:21.243 DEBUG 7849 --- [    Test worker] org.hibernate.type.BasicTypeRegistry     : Adding type registration ZonedDateTime -> org.hibernate.type.ZonedDateTimeType@1eb785a1
2021-09-26 20:34:21.243 DEBUG 7849 --- [    Test worker] org.hibernate.type.BasicTypeRegistry     : Adding type registration java.time.ZonedDateTime -> org.hibernate.type.ZonedDateTimeType@1eb785a1
2021-09-26 20:34:21.245 DEBUG 7849 --- [    Test worker] org.hibernate.type.BasicTypeRegistry     : Adding type registration date -> org.hibernate.type.DateType@47b3c39a
2021-09-26 20:34:21.245 DEBUG 7849 --- [    Test worker] org.hibernate.type.BasicTypeRegistry     : Adding type registration java.sql.Date -> org.hibernate.type.DateType@47b3c39a
2021-09-26 20:34:21.247 DEBUG 7849 --- [    Test worker] org.hibernate.type.BasicTypeRegistry     : Adding type registration time -> org.hibernate.type.TimeType@5233e95d
2021-09-26 20:34:21.247 DEBUG 7849 --- [    Test worker] org.hibernate.type.BasicTypeRegistry     : Adding type registration java.sql.Time -> org.hibernate.type.TimeType@5233e95d
2021-09-26 20:34:21.248 DEBUG 7849 --- [    Test worker] org.hibernate.type.BasicTypeRegistry     : Adding type registration timestamp -> org.hibernate.type.TimestampType@438b7149
2021-09-26 20:34:21.248 DEBUG 7849 --- [    Test worker] org.hibernate.type.BasicTypeRegistry     : Adding type registration java.sql.Timestamp -> org.hibernate.type.TimestampType@438b7149
2021-09-26 20:34:21.249 DEBUG 7849 --- [    Test worker] org.hibernate.type.BasicTypeRegistry     : Adding type registration java.util.Date -> org.hibernate.type.TimestampType@438b7149
2021-09-26 20:34:21.250 DEBUG 7849 --- [    Test worker] org.hibernate.type.BasicTypeRegistry     : Adding type registration dbtimestamp -> org.hibernate.type.DbTimestampType@23b2bf4b
2021-09-26 20:34:21.251 DEBUG 7849 --- [    Test worker] org.hibernate.type.BasicTypeRegistry     : Adding type registration calendar -> org.hibernate.type.CalendarType@1d870613
2021-09-26 20:34:21.251 DEBUG 7849 --- [    Test worker] org.hibernate.type.BasicTypeRegistry     : Adding type registration java.util.Calendar -> org.hibernate.type.CalendarType@1d870613
2021-09-26 20:34:21.252 DEBUG 7849 --- [    Test worker] org.hibernate.type.BasicTypeRegistry     : Adding type registration java.util.GregorianCalendar -> org.hibernate.type.CalendarType@1d870613
2021-09-26 20:34:21.252 DEBUG 7849 --- [    Test worker] org.hibernate.type.BasicTypeRegistry     : Adding type registration calendar_date -> org.hibernate.type.CalendarDateType@7aa69206
2021-09-26 20:34:21.254 DEBUG 7849 --- [    Test worker] org.hibernate.type.BasicTypeRegistry     : Adding type registration calendar_time -> org.hibernate.type.CalendarTimeType@51ee8a66
2021-09-26 20:34:21.255 DEBUG 7849 --- [    Test worker] org.hibernate.type.BasicTypeRegistry     : Adding type registration locale -> org.hibernate.type.LocaleType@56156ad7
2021-09-26 20:34:21.255 DEBUG 7849 --- [    Test worker] org.hibernate.type.BasicTypeRegistry     : Adding type registration java.util.Locale -> org.hibernate.type.LocaleType@56156ad7
2021-09-26 20:34:21.257 DEBUG 7849 --- [    Test worker] org.hibernate.type.BasicTypeRegistry     : Adding type registration currency -> org.hibernate.type.CurrencyType@7deeee69
2021-09-26 20:34:21.257 DEBUG 7849 --- [    Test worker] org.hibernate.type.BasicTypeRegistry     : Adding type registration java.util.Currency -> org.hibernate.type.CurrencyType@7deeee69
2021-09-26 20:34:21.259 DEBUG 7849 --- [    Test worker] org.hibernate.type.BasicTypeRegistry     : Adding type registration timezone -> org.hibernate.type.TimeZoneType@7a08c7ca
2021-09-26 20:34:21.259 DEBUG 7849 --- [    Test worker] org.hibernate.type.BasicTypeRegistry     : Adding type registration java.util.TimeZone -> org.hibernate.type.TimeZoneType@7a08c7ca
2021-09-26 20:34:21.260 DEBUG 7849 --- [    Test worker] org.hibernate.type.BasicTypeRegistry     : Adding type registration class -> org.hibernate.type.ClassType@429e0c5f
2021-09-26 20:34:21.260 DEBUG 7849 --- [    Test worker] org.hibernate.type.BasicTypeRegistry     : Adding type registration java.lang.Class -> org.hibernate.type.ClassType@429e0c5f
2021-09-26 20:34:21.263 DEBUG 7849 --- [    Test worker] org.hibernate.type.BasicTypeRegistry     : Adding type registration uuid-binary -> org.hibernate.type.UUIDBinaryType@10d2ebf6
2021-09-26 20:34:21.263 DEBUG 7849 --- [    Test worker] org.hibernate.type.BasicTypeRegistry     : Adding type registration java.util.UUID -> org.hibernate.type.UUIDBinaryType@10d2ebf6
2021-09-26 20:34:21.264 DEBUG 7849 --- [    Test worker] org.hibernate.type.BasicTypeRegistry     : Adding type registration uuid-char -> org.hibernate.type.UUIDCharType@d3becc4
2021-09-26 20:34:21.267 DEBUG 7849 --- [    Test worker] org.hibernate.type.BasicTypeRegistry     : Adding type registration binary -> org.hibernate.type.BinaryType@23bcc232
2021-09-26 20:34:21.268 DEBUG 7849 --- [    Test worker] org.hibernate.type.BasicTypeRegistry     : Adding type registration byte[] -> org.hibernate.type.BinaryType@23bcc232
2021-09-26 20:34:21.268 DEBUG 7849 --- [    Test worker] org.hibernate.type.BasicTypeRegistry     : Adding type registration [B -> org.hibernate.type.BinaryType@23bcc232
2021-09-26 20:34:21.270 DEBUG 7849 --- [    Test worker] org.hibernate.type.BasicTypeRegistry     : Adding type registration wrapper-binary -> org.hibernate.type.WrapperBinaryType@351b4c13
2021-09-26 20:34:21.270 DEBUG 7849 --- [    Test worker] org.hibernate.type.BasicTypeRegistry     : Adding type registration Byte[] -> org.hibernate.type.WrapperBinaryType@351b4c13
2021-09-26 20:34:21.270 DEBUG 7849 --- [    Test worker] org.hibernate.type.BasicTypeRegistry     : Adding type registration [Ljava.lang.Byte; -> org.hibernate.type.WrapperBinaryType@351b4c13
2021-09-26 20:34:21.272 DEBUG 7849 --- [    Test worker] org.hibernate.type.BasicTypeRegistry     : Adding type registration row_version -> org.hibernate.type.RowVersionType@2870c48c
2021-09-26 20:34:21.273 DEBUG 7849 --- [    Test worker] org.hibernate.type.BasicTypeRegistry     : Adding type registration image -> org.hibernate.type.ImageType@3db509d5
2021-09-26 20:34:21.274 DEBUG 7849 --- [    Test worker] org.hibernate.type.BasicTypeRegistry     : Adding type registration characters -> org.hibernate.type.CharArrayType@61b5af29
2021-09-26 20:34:21.274 DEBUG 7849 --- [    Test worker] org.hibernate.type.BasicTypeRegistry     : Adding type registration char[] -> org.hibernate.type.CharArrayType@61b5af29
2021-09-26 20:34:21.274 DEBUG 7849 --- [    Test worker] org.hibernate.type.BasicTypeRegistry     : Adding type registration [C -> org.hibernate.type.CharArrayType@61b5af29
2021-09-26 20:34:21.277 DEBUG 7849 --- [    Test worker] org.hibernate.type.BasicTypeRegistry     : Adding type registration wrapper-characters -> org.hibernate.type.CharacterArrayType@100759d
2021-09-26 20:34:21.278 DEBUG 7849 --- [    Test worker] org.hibernate.type.BasicTypeRegistry     : Adding type registration [Ljava.lang.Character; -> org.hibernate.type.CharacterArrayType@100759d
2021-09-26 20:34:21.278 DEBUG 7849 --- [    Test worker] org.hibernate.type.BasicTypeRegistry     : Adding type registration Character[] -> org.hibernate.type.CharacterArrayType@100759d
2021-09-26 20:34:21.279 DEBUG 7849 --- [    Test worker] org.hibernate.type.BasicTypeRegistry     : Adding type registration text -> org.hibernate.type.TextType@421e13bc
2021-09-26 20:34:21.279 DEBUG 7849 --- [    Test worker] org.hibernate.type.BasicTypeRegistry     : Adding type registration ntext -> org.hibernate.type.NTextType@65959bfc
2021-09-26 20:34:21.281 DEBUG 7849 --- [    Test worker] org.hibernate.type.BasicTypeRegistry     : Adding type registration blob -> org.hibernate.type.BlobType@156d7bb7
2021-09-26 20:34:21.281 DEBUG 7849 --- [    Test worker] org.hibernate.type.BasicTypeRegistry     : Adding type registration java.sql.Blob -> org.hibernate.type.BlobType@156d7bb7
2021-09-26 20:34:21.282 DEBUG 7849 --- [    Test worker] org.hibernate.type.BasicTypeRegistry     : Adding type registration materialized_blob -> org.hibernate.type.MaterializedBlobType@449ce11
2021-09-26 20:34:21.283 DEBUG 7849 --- [    Test worker] org.hibernate.type.BasicTypeRegistry     : Adding type registration clob -> org.hibernate.type.ClobType@7f64074f
2021-09-26 20:34:21.283 DEBUG 7849 --- [    Test worker] org.hibernate.type.BasicTypeRegistry     : Adding type registration java.sql.Clob -> org.hibernate.type.ClobType@7f64074f
2021-09-26 20:34:21.285 DEBUG 7849 --- [    Test worker] org.hibernate.type.BasicTypeRegistry     : Adding type registration nclob -> org.hibernate.type.NClobType@13ab726b
2021-09-26 20:34:21.285 DEBUG 7849 --- [    Test worker] org.hibernate.type.BasicTypeRegistry     : Adding type registration java.sql.NClob -> org.hibernate.type.NClobType@13ab726b
2021-09-26 20:34:21.287 DEBUG 7849 --- [    Test worker] org.hibernate.type.BasicTypeRegistry     : Adding type registration materialized_clob -> org.hibernate.type.MaterializedClobType@12582afd
2021-09-26 20:34:21.287 DEBUG 7849 --- [    Test worker] org.hibernate.type.BasicTypeRegistry     : Adding type registration materialized_nclob -> org.hibernate.type.MaterializedNClobType@1fef8d8b
2021-09-26 20:34:21.289 DEBUG 7849 --- [    Test worker] org.hibernate.type.BasicTypeRegistry     : Adding type registration serializable -> org.hibernate.type.SerializableType@bf030b2
2021-09-26 20:34:21.294 DEBUG 7849 --- [    Test worker] org.hibernate.type.BasicTypeRegistry     : Adding type registration object -> org.hibernate.type.ObjectType@27d7728e
2021-09-26 20:34:21.294 DEBUG 7849 --- [    Test worker] org.hibernate.type.BasicTypeRegistry     : Adding type registration java.lang.Object -> org.hibernate.type.ObjectType@27d7728e
2021-09-26 20:34:21.295 DEBUG 7849 --- [    Test worker] org.hibernate.type.BasicTypeRegistry     : Adding type registration imm_date -> org.hibernate.type.AdaptedImmutableType@212d27d2
2021-09-26 20:34:21.295 DEBUG 7849 --- [    Test worker] org.hibernate.type.BasicTypeRegistry     : Adding type registration imm_time -> org.hibernate.type.AdaptedImmutableType@2e42959
2021-09-26 20:34:21.295 DEBUG 7849 --- [    Test worker] org.hibernate.type.BasicTypeRegistry     : Adding type registration imm_timestamp -> org.hibernate.type.AdaptedImmutableType@6d06c297
2021-09-26 20:34:21.296 DEBUG 7849 --- [    Test worker] org.hibernate.type.BasicTypeRegistry     : Adding type registration imm_dbtimestamp -> org.hibernate.type.AdaptedImmutableType@4355c3a6
2021-09-26 20:34:21.296 DEBUG 7849 --- [    Test worker] org.hibernate.type.BasicTypeRegistry     : Adding type registration imm_calendar -> org.hibernate.type.AdaptedImmutableType@b0e6fa9
2021-09-26 20:34:21.296 DEBUG 7849 --- [    Test worker] org.hibernate.type.BasicTypeRegistry     : Adding type registration imm_calendar_date -> org.hibernate.type.AdaptedImmutableType@28832170
2021-09-26 20:34:21.296 DEBUG 7849 --- [    Test worker] org.hibernate.type.BasicTypeRegistry     : Adding type registration imm_binary -> org.hibernate.type.AdaptedImmutableType@73ca4c8d
2021-09-26 20:34:21.296 DEBUG 7849 --- [    Test worker] org.hibernate.type.BasicTypeRegistry     : Adding type registration imm_serializable -> org.hibernate.type.AdaptedImmutableType@1e6ff9a1
2021-09-26 20:34:21.380  INFO 7849 --- [    Test worker] org.hibernate.dialect.Dialect            : HHH000400: Using dialect: org.hibernate.dialect.H2Dialect
2021-09-26 20:34:21.459 DEBUG 7849 --- [    Test worker] o.h.type.spi.TypeConfiguration$Scope     : Scoping TypeConfiguration [org.hibernate.type.spi.TypeConfiguration@6fc61810] to MetadataBuildingContext [org.hibernate.boot.internal.MetadataBuildingContextRootImpl@7064be1d]
2021-09-26 20:34:21.770 DEBUG 7849 --- [    Test worker] org.hibernate.type.EnumType              : Using NAMED-based conversion for Enum jpabook.jpashop.domain.DeliveryStatus
2021-09-26 20:34:21.772 DEBUG 7849 --- [    Test worker] org.hibernate.type.EnumType              : Using NAMED-based conversion for Enum jpabook.jpashop.domain.OrderStatus
2021-09-26 20:34:21.772 DEBUG 7849 --- [    Test worker] o.h.type.spi.TypeConfiguration$Scope     : Scoping TypeConfiguration [org.hibernate.type.spi.TypeConfiguration@6fc61810] to SessionFactoryImpl [org.hibernate.internal.SessionFactoryImpl@4d112c5c]
2021-09-26 20:34:22.379 DEBUG 7849 --- [    Test worker] org.hibernate.SQL                        : drop table if exists category CASCADE 
2021-09-26 20:34:22.383  INFO 7849 --- [    Test worker] p6spy                                    : #1632656062382 | took 1ms | statement | connection 2| url jdbc:h2:mem:9a6bd235-a2a9-4fac-8130-188b90fffc28
drop table if exists category CASCADE 
drop table if exists category CASCADE ;
2021-09-26 20:34:22.383 DEBUG 7849 --- [    Test worker] org.hibernate.SQL                        : drop table if exists category_item CASCADE 
2021-09-26 20:34:22.384  INFO 7849 --- [    Test worker] p6spy                                    : #1632656062384 | took 0ms | statement | connection 2| url jdbc:h2:mem:9a6bd235-a2a9-4fac-8130-188b90fffc28
drop table if exists category_item CASCADE 
drop table if exists category_item CASCADE ;
2021-09-26 20:34:22.384 DEBUG 7849 --- [    Test worker] org.hibernate.SQL                        : drop table if exists delivery CASCADE 
2021-09-26 20:34:22.385  INFO 7849 --- [    Test worker] p6spy                                    : #1632656062384 | took 0ms | statement | connection 2| url jdbc:h2:mem:9a6bd235-a2a9-4fac-8130-188b90fffc28
drop table if exists delivery CASCADE 
drop table if exists delivery CASCADE ;
2021-09-26 20:34:22.385 DEBUG 7849 --- [    Test worker] org.hibernate.SQL                        : drop table if exists item CASCADE 
2021-09-26 20:34:22.385  INFO 7849 --- [    Test worker] p6spy                                    : #1632656062385 | took 0ms | statement | connection 2| url jdbc:h2:mem:9a6bd235-a2a9-4fac-8130-188b90fffc28
drop table if exists item CASCADE 
drop table if exists item CASCADE ;
2021-09-26 20:34:22.386 DEBUG 7849 --- [    Test worker] org.hibernate.SQL                        : drop table if exists member CASCADE 
2021-09-26 20:34:22.386  INFO 7849 --- [    Test worker] p6spy                                    : #1632656062386 | took 0ms | statement | connection 2| url jdbc:h2:mem:9a6bd235-a2a9-4fac-8130-188b90fffc28
drop table if exists member CASCADE 
drop table if exists member CASCADE ;
2021-09-26 20:34:22.386 DEBUG 7849 --- [    Test worker] org.hibernate.SQL                        : drop table if exists order_item CASCADE 
2021-09-26 20:34:22.387  INFO 7849 --- [    Test worker] p6spy                                    : #1632656062387 | took 0ms | statement | connection 2| url jdbc:h2:mem:9a6bd235-a2a9-4fac-8130-188b90fffc28
drop table if exists order_item CASCADE 
drop table if exists order_item CASCADE ;
2021-09-26 20:34:22.387 DEBUG 7849 --- [    Test worker] org.hibernate.SQL                        : drop table if exists orders CASCADE 
2021-09-26 20:34:22.388  INFO 7849 --- [    Test worker] p6spy                                    : #1632656062388 | took 0ms | statement | connection 2| url jdbc:h2:mem:9a6bd235-a2a9-4fac-8130-188b90fffc28
drop table if exists orders CASCADE 
drop table if exists orders CASCADE ;
2021-09-26 20:34:22.388 DEBUG 7849 --- [    Test worker] org.hibernate.SQL                        : drop sequence if exists hibernate_sequence
2021-09-26 20:34:22.388  INFO 7849 --- [    Test worker] p6spy                                    : #1632656062388 | took 0ms | statement | connection 2| url jdbc:h2:mem:9a6bd235-a2a9-4fac-8130-188b90fffc28
drop sequence if exists hibernate_sequence
drop sequence if exists hibernate_sequence;
2021-09-26 20:34:22.392 DEBUG 7849 --- [    Test worker] org.hibernate.SQL                        : create sequence hibernate_sequence start with 1 increment by 1
2021-09-26 20:34:22.395  INFO 7849 --- [    Test worker] p6spy                                    : #1632656062395 | took 2ms | statement | connection 3| url jdbc:h2:mem:9a6bd235-a2a9-4fac-8130-188b90fffc28
create sequence hibernate_sequence start with 1 increment by 1
create sequence hibernate_sequence start with 1 increment by 1;
2021-09-26 20:34:22.396 DEBUG 7849 --- [    Test worker] org.hibernate.SQL                        : create table category (category_id bigint not null, name varchar(255), parent_id bigint, primary key (category_id))
2021-09-26 20:34:22.401  INFO 7849 --- [    Test worker] p6spy                                    : #1632656062401 | took 5ms | statement | connection 3| url jdbc:h2:mem:9a6bd235-a2a9-4fac-8130-188b90fffc28
create table category (category_id bigint not null, name varchar(255), parent_id bigint, primary key (category_id))
create table category (category_id bigint not null, name varchar(255), parent_id bigint, primary key (category_id));
2021-09-26 20:34:22.402 DEBUG 7849 --- [    Test worker] org.hibernate.SQL                        : create table category_item (category_id bigint not null, item_id bigint not null)
2021-09-26 20:34:22.403  INFO 7849 --- [    Test worker] p6spy                                    : #1632656062403 | took 0ms | statement | connection 3| url jdbc:h2:mem:9a6bd235-a2a9-4fac-8130-188b90fffc28
create table category_item (category_id bigint not null, item_id bigint not null)
create table category_item (category_id bigint not null, item_id bigint not null);
2021-09-26 20:34:22.403 DEBUG 7849 --- [    Test worker] org.hibernate.SQL                        : create table delivery (delivery_id bigint not null, city varchar(255), street varchar(255), zipcode varchar(255), status varchar(255), primary key (delivery_id))
2021-09-26 20:34:22.405  INFO 7849 --- [    Test worker] p6spy                                    : #1632656062405 | took 1ms | statement | connection 3| url jdbc:h2:mem:9a6bd235-a2a9-4fac-8130-188b90fffc28
create table delivery (delivery_id bigint not null, city varchar(255), street varchar(255), zipcode varchar(255), status varchar(255), primary key (delivery_id))
create table delivery (delivery_id bigint not null, city varchar(255), street varchar(255), zipcode varchar(255), status varchar(255), primary key (delivery_id));
2021-09-26 20:34:22.405 DEBUG 7849 --- [    Test worker] org.hibernate.SQL                        : create table item (dtype varchar(31) not null, item_id bigint not null, name varchar(255), price integer not null, stock_quantity integer not null, artist varchar(255), etc varchar(255), author varchar(255), isbn varchar(255), actor varchar(255), director varchar(255), primary key (item_id))
2021-09-26 20:34:22.407  INFO 7849 --- [    Test worker] p6spy                                    : #1632656062407 | took 1ms | statement | connection 3| url jdbc:h2:mem:9a6bd235-a2a9-4fac-8130-188b90fffc28
create table item (dtype varchar(31) not null, item_id bigint not null, name varchar(255), price integer not null, stock_quantity integer not null, artist varchar(255), etc varchar(255), author varchar(255), isbn varchar(255), actor varchar(255), director varchar(255), primary key (item_id))
create table item (dtype varchar(31) not null, item_id bigint not null, name varchar(255), price integer not null, stock_quantity integer not null, artist varchar(255), etc varchar(255), author varchar(255), isbn varchar(255), actor varchar(255), director varchar(255), primary key (item_id));
2021-09-26 20:34:22.407 DEBUG 7849 --- [    Test worker] org.hibernate.SQL                        : create table member (member_id bigint not null, city varchar(255), street varchar(255), zipcode varchar(255), name varchar(255), primary key (member_id))
2021-09-26 20:34:22.409  INFO 7849 --- [    Test worker] p6spy                                    : #1632656062409 | took 1ms | statement | connection 3| url jdbc:h2:mem:9a6bd235-a2a9-4fac-8130-188b90fffc28
create table member (member_id bigint not null, city varchar(255), street varchar(255), zipcode varchar(255), name varchar(255), primary key (member_id))
create table member (member_id bigint not null, city varchar(255), street varchar(255), zipcode varchar(255), name varchar(255), primary key (member_id));
2021-09-26 20:34:22.409 DEBUG 7849 --- [    Test worker] org.hibernate.SQL                        : create table order_item (order_item_id bigint not null, count integer not null, order_price integer not null, item_id bigint, order_id bigint, primary key (order_item_id))
2021-09-26 20:34:22.411  INFO 7849 --- [    Test worker] p6spy                                    : #1632656062411 | took 1ms | statement | connection 3| url jdbc:h2:mem:9a6bd235-a2a9-4fac-8130-188b90fffc28
create table order_item (order_item_id bigint not null, count integer not null, order_price integer not null, item_id bigint, order_id bigint, primary key (order_item_id))
create table order_item (order_item_id bigint not null, count integer not null, order_price integer not null, item_id bigint, order_id bigint, primary key (order_item_id));
2021-09-26 20:34:22.411 DEBUG 7849 --- [    Test worker] org.hibernate.SQL                        : create table orders (order_id bigint not null, order_date timestamp, status varchar(255), delivery_id bigint, member_id bigint, primary key (order_id))
2021-09-26 20:34:22.413  INFO 7849 --- [    Test worker] p6spy                                    : #1632656062413 | took 1ms | statement | connection 3| url jdbc:h2:mem:9a6bd235-a2a9-4fac-8130-188b90fffc28
create table orders (order_id bigint not null, order_date timestamp, status varchar(255), delivery_id bigint, member_id bigint, primary key (order_id))
create table orders (order_id bigint not null, order_date timestamp, status varchar(255), delivery_id bigint, member_id bigint, primary key (order_id));
2021-09-26 20:34:22.413 DEBUG 7849 --- [    Test worker] org.hibernate.SQL                        : alter table category add constraint FK2y94svpmqttx80mshyny85wqr foreign key (parent_id) references category
2021-09-26 20:34:22.426  INFO 7849 --- [    Test worker] p6spy                                    : #1632656062426 | took 12ms | statement | connection 3| url jdbc:h2:mem:9a6bd235-a2a9-4fac-8130-188b90fffc28
alter table category add constraint FK2y94svpmqttx80mshyny85wqr foreign key (parent_id) references category
alter table category add constraint FK2y94svpmqttx80mshyny85wqr foreign key (parent_id) references category;
2021-09-26 20:34:22.427 DEBUG 7849 --- [    Test worker] org.hibernate.SQL                        : alter table category_item add constraint FKu8b4lwqutcdq3363gf6mlujq foreign key (item_id) references item
2021-09-26 20:34:22.429  INFO 7849 --- [    Test worker] p6spy                                    : #1632656062429 | took 2ms | statement | connection 3| url jdbc:h2:mem:9a6bd235-a2a9-4fac-8130-188b90fffc28
alter table category_item add constraint FKu8b4lwqutcdq3363gf6mlujq foreign key (item_id) references item
alter table category_item add constraint FKu8b4lwqutcdq3363gf6mlujq foreign key (item_id) references item;
2021-09-26 20:34:22.429 DEBUG 7849 --- [    Test worker] org.hibernate.SQL                        : alter table category_item add constraint FKcq2n0opf5shyh84ex1fhukcbh foreign key (category_id) references category
2021-09-26 20:34:22.432  INFO 7849 --- [    Test worker] p6spy                                    : #1632656062432 | took 2ms | statement | connection 3| url jdbc:h2:mem:9a6bd235-a2a9-4fac-8130-188b90fffc28
alter table category_item add constraint FKcq2n0opf5shyh84ex1fhukcbh foreign key (category_id) references category
alter table category_item add constraint FKcq2n0opf5shyh84ex1fhukcbh foreign key (category_id) references category;
2021-09-26 20:34:22.432 DEBUG 7849 --- [    Test worker] org.hibernate.SQL                        : alter table order_item add constraint FKija6hjjiit8dprnmvtvgdp6ru foreign key (item_id) references item
2021-09-26 20:34:22.435  INFO 7849 --- [    Test worker] p6spy                                    : #1632656062435 | took 3ms | statement | connection 3| url jdbc:h2:mem:9a6bd235-a2a9-4fac-8130-188b90fffc28
alter table order_item add constraint FKija6hjjiit8dprnmvtvgdp6ru foreign key (item_id) references item
alter table order_item add constraint FKija6hjjiit8dprnmvtvgdp6ru foreign key (item_id) references item;
2021-09-26 20:34:22.435 DEBUG 7849 --- [    Test worker] org.hibernate.SQL                        : alter table order_item add constraint FKt4dc2r9nbvbujrljv3e23iibt foreign key (order_id) references orders
2021-09-26 20:34:22.438  INFO 7849 --- [    Test worker] p6spy                                    : #1632656062438 | took 2ms | statement | connection 3| url jdbc:h2:mem:9a6bd235-a2a9-4fac-8130-188b90fffc28
alter table order_item add constraint FKt4dc2r9nbvbujrljv3e23iibt foreign key (order_id) references orders
alter table order_item add constraint FKt4dc2r9nbvbujrljv3e23iibt foreign key (order_id) references orders;
2021-09-26 20:34:22.439 DEBUG 7849 --- [    Test worker] org.hibernate.SQL                        : alter table orders add constraint FKtkrur7wg4d8ax0pwgo0vmy20c foreign key (delivery_id) references delivery
2021-09-26 20:34:22.441  INFO 7849 --- [    Test worker] p6spy                                    : #1632656062441 | took 2ms | statement | connection 3| url jdbc:h2:mem:9a6bd235-a2a9-4fac-8130-188b90fffc28
alter table orders add constraint FKtkrur7wg4d8ax0pwgo0vmy20c foreign key (delivery_id) references delivery
alter table orders add constraint FKtkrur7wg4d8ax0pwgo0vmy20c foreign key (delivery_id) references delivery;
2021-09-26 20:34:22.442 DEBUG 7849 --- [    Test worker] org.hibernate.SQL                        : alter table orders add constraint FKpktxwhj3x9m4gth5ff6bkqgeb foreign key (member_id) references member
2021-09-26 20:34:22.444  INFO 7849 --- [    Test worker] p6spy                                    : #1632656062444 | took 2ms | statement | connection 3| url jdbc:h2:mem:9a6bd235-a2a9-4fac-8130-188b90fffc28
alter table orders add constraint FKpktxwhj3x9m4gth5ff6bkqgeb foreign key (member_id) references member
alter table orders add constraint FKpktxwhj3x9m4gth5ff6bkqgeb foreign key (member_id) references member;
2021-09-26 20:34:22.449  INFO 7849 --- [    Test worker] o.h.e.t.j.p.i.JtaPlatformInitiator       : HHH000490: Using JtaPlatform implementation: [org.hibernate.engine.transaction.jta.platform.internal.NoJtaPlatform]
2021-09-26 20:34:22.465 TRACE 7849 --- [    Test worker] o.h.type.spi.TypeConfiguration$Scope     : Handling #sessionFactoryCreated from [org.hibernate.internal.SessionFactoryImpl@4d112c5c] for TypeConfiguration
2021-09-26 20:34:22.468  INFO 7849 --- [    Test worker] j.LocalContainerEntityManagerFactoryBean : Initialized JPA EntityManagerFactory for persistence unit 'default'
2021-09-26 20:34:22.935  WARN 7849 --- [    Test worker] JpaBaseConfiguration$JpaWebConfiguration : spring.jpa.open-in-view is enabled by default. Therefore, database queries may be performed during view rendering. Explicitly configure spring.jpa.open-in-view to disable this warning
2021-09-26 20:34:23.317  INFO 7849 --- [    Test worker] o.s.b.a.w.s.WelcomePageHandlerMapping    : Adding welcome page: class path resource [static/index.html]
2021-09-26 20:34:23.655  INFO 7849 --- [    Test worker] j.jpashop.service.OrderServiceTest       : Started OrderServiceTest in 5.327 seconds (JVM running for 7.406)
2021-09-26 20:34:23.754  INFO 7849 --- [    Test worker] o.s.t.c.transaction.TransactionContext   : Began transaction (1) for test context [DefaultTestContext@157e922b testClass = OrderServiceTest, testInstance = jpabook.jpashop.service.OrderServiceTest@7f89ec0e, testMethod = 주문취소@OrderServiceTest, testException = [null], mergedContextConfiguration = [WebMergedContextConfiguration@4e52abd4 testClass = OrderServiceTest, locations = '{}', classes = '{class jpabook.jpashop.JpashopApplication}', contextInitializerClasses = '[]', activeProfiles = '{}', propertySourceLocations = '{}', propertySourceProperties = '{org.springframework.boot.test.context.SpringBootTestContextBootstrapper=true}', contextCustomizers = set[org.springframework.boot.test.autoconfigure.actuate.metrics.MetricsExportContextCustomizerFactory$DisableMetricExportContextCustomizer@3ed14a33, org.springframework.boot.test.autoconfigure.properties.PropertyMappingContextCustomizer@0, org.springframework.boot.test.autoconfigure.web.servlet.WebDriverContextCustomizerFactory$Customizer@5b677700, org.springframework.boot.test.context.filter.ExcludeFilterContextCustomizer@3960bf09, org.springframework.boot.test.json.DuplicateJsonObjectContextCustomizerFactory$DuplicateJsonObjectContextCustomizer@16b70673, org.springframework.boot.test.mock.mockito.MockitoContextCustomizer@0, org.springframework.boot.test.web.client.TestRestTemplateContextCustomizer@37297c06, org.springframework.boot.test.context.SpringBootTestArgs@1, org.springframework.boot.test.context.SpringBootTestWebEnvironment@6ba8ebc7], resourceBasePath = 'src/main/webapp', contextLoader = 'org.springframework.boot.test.context.SpringBootContextLoader', parent = [null]], attributes = map['org.springframework.test.context.web.ServletTestExecutionListener.activateListener' -> true, 'org.springframework.test.context.web.ServletTestExecutionListener.populatedRequestContextHolder' -> true, 'org.springframework.test.context.web.ServletTestExecutionListener.resetRequestContextHolder' -> true, 'org.springframework.test.context.event.ApplicationEventsTestExecutionListener.recordApplicationEvents' -> false]]; transaction manager [org.springframework.orm.jpa.JpaTransactionManager@2a713c52]; rollback [true]
2021-09-26 20:34:23.870 DEBUG 7849 --- [    Test worker] org.hibernate.SQL                        : call next value for hibernate_sequence
2021-09-26 20:34:23.882  INFO 7849 --- [    Test worker] p6spy                                    : #1632656063882 | took 5ms | statement | connection 4| url jdbc:h2:mem:9a6bd235-a2a9-4fac-8130-188b90fffc28
call next value for hibernate_sequence
call next value for hibernate_sequence;
2021-09-26 20:34:23.909 DEBUG 7849 --- [    Test worker] org.hibernate.SQL                        : call next value for hibernate_sequence
2021-09-26 20:34:23.910  INFO 7849 --- [    Test worker] p6spy                                    : #1632656063909 | took 0ms | statement | connection 4| url jdbc:h2:mem:9a6bd235-a2a9-4fac-8130-188b90fffc28
call next value for hibernate_sequence
call next value for hibernate_sequence;
2021-09-26 20:34:23.936 DEBUG 7849 --- [    Test worker] org.hibernate.SQL                        : call next value for hibernate_sequence
2021-09-26 20:34:23.936  INFO 7849 --- [    Test worker] p6spy                                    : #1632656063936 | took 0ms | statement | connection 4| url jdbc:h2:mem:9a6bd235-a2a9-4fac-8130-188b90fffc28
call next value for hibernate_sequence
call next value for hibernate_sequence;
2021-09-26 20:34:23.937 DEBUG 7849 --- [    Test worker] org.hibernate.SQL                        : call next value for hibernate_sequence
2021-09-26 20:34:23.937  INFO 7849 --- [    Test worker] p6spy                                    : #1632656063937 | took 0ms | statement | connection 4| url jdbc:h2:mem:9a6bd235-a2a9-4fac-8130-188b90fffc28
call next value for hibernate_sequence
call next value for hibernate_sequence;
2021-09-26 20:34:23.939 DEBUG 7849 --- [    Test worker] org.hibernate.SQL                        : call next value for hibernate_sequence
2021-09-26 20:34:23.939  INFO 7849 --- [    Test worker] p6spy                                    : #1632656063939 | took 0ms | statement | connection 4| url jdbc:h2:mem:9a6bd235-a2a9-4fac-8130-188b90fffc28
call next value for hibernate_sequence
call next value for hibernate_sequence;
2021-09-26 20:34:23.949  INFO 7849 --- [    Test worker] p6spy                                    : #1632656063949 | took 0ms | rollback | connection 4| url jdbc:h2:mem:9a6bd235-a2a9-4fac-8130-188b90fffc28

;
2021-09-26 20:34:23.952  INFO 7849 --- [    Test worker] o.s.t.c.transaction.TransactionContext   : Rolled back transaction for test: [DefaultTestContext@157e922b testClass = OrderServiceTest, testInstance = jpabook.jpashop.service.OrderServiceTest@7f89ec0e, testMethod = 주문취소@OrderServiceTest, testException = [null], mergedContextConfiguration = [WebMergedContextConfiguration@4e52abd4 testClass = OrderServiceTest, locations = '{}', classes = '{class jpabook.jpashop.JpashopApplication}', contextInitializerClasses = '[]', activeProfiles = '{}', propertySourceLocations = '{}', propertySourceProperties = '{org.springframework.boot.test.context.SpringBootTestContextBootstrapper=true}', contextCustomizers = set[org.springframework.boot.test.autoconfigure.actuate.metrics.MetricsExportContextCustomizerFactory$DisableMetricExportContextCustomizer@3ed14a33, org.springframework.boot.test.autoconfigure.properties.PropertyMappingContextCustomizer@0, org.springframework.boot.test.autoconfigure.web.servlet.WebDriverContextCustomizerFactory$Customizer@5b677700, org.springframework.boot.test.context.filter.ExcludeFilterContextCustomizer@3960bf09, org.springframework.boot.test.json.DuplicateJsonObjectContextCustomizerFactory$DuplicateJsonObjectContextCustomizer@16b70673, org.springframework.boot.test.mock.mockito.MockitoContextCustomizer@0, org.springframework.boot.test.web.client.TestRestTemplateContextCustomizer@37297c06, org.springframework.boot.test.context.SpringBootTestArgs@1, org.springframework.boot.test.context.SpringBootTestWebEnvironment@6ba8ebc7], resourceBasePath = 'src/main/webapp', contextLoader = 'org.springframework.boot.test.context.SpringBootContextLoader', parent = [null]], attributes = map['org.springframework.test.context.web.ServletTestExecutionListener.activateListener' -> true, 'org.springframework.test.context.web.ServletTestExecutionListener.populatedRequestContextHolder' -> true, 'org.springframework.test.context.web.ServletTestExecutionListener.resetRequestContextHolder' -> true, 'org.springframework.test.context.event.ApplicationEventsTestExecutionListener.recordApplicationEvents' -> false]]
]]></system-out>
  <system-err><![CDATA[]]></system-err>
</testsuite>
